c:\users\g.kulasena\documents\visual studio 2015\Projects\AngularCore\src\AngularCore\wwwroot\app\app.component.js
c:\users\g.kulasena\documents\visual studio 2015\Projects\AngularCore\src\AngularCore\wwwroot\app\app.component.js.map
c:\users\g.kulasena\documents\visual studio 2015\Projects\AngularCore\src\AngularCore\wwwroot\app\Interfaces\product.interface.js
c:\users\g.kulasena\documents\visual studio 2015\Projects\AngularCore\src\AngularCore\wwwroot\app\Interfaces\product.interface.js.map
c:\users\g.kulasena\documents\visual studio 2015\Projects\AngularCore\src\AngularCore\wwwroot\app\HomeComponent\home.component.js
c:\users\g.kulasena\documents\visual studio 2015\Projects\AngularCore\src\AngularCore\wwwroot\app\HomeComponent\home.component.js.map
c:\users\g.kulasena\documents\visual studio 2015\Projects\AngularCore\src\AngularCore\wwwroot\app\Services\products.service.js
c:\users\g.kulasena\documents\visual studio 2015\Projects\AngularCore\src\AngularCore\wwwroot\app\Services\products.service.js.map
c:\users\g.kulasena\documents\visual studio 2015\Projects\AngularCore\src\AngularCore\wwwroot\app\TestComponent\test.component.js
c:\users\g.kulasena\documents\visual studio 2015\Projects\AngularCore\src\AngularCore\wwwroot\app\TestComponent\test.component.js.map
c:\users\g.kulasena\documents\visual studio 2015\Projects\AngularCore\src\AngularCore\wwwroot\app\PageNotFound.component.js
c:\users\g.kulasena\documents\visual studio 2015\Projects\AngularCore\src\AngularCore\wwwroot\app\PageNotFound.component.js.map
c:\users\g.kulasena\documents\visual studio 2015\Projects\AngularCore\src\AngularCore\wwwroot\app\app.routes.js
c:\users\g.kulasena\documents\visual studio 2015\Projects\AngularCore\src\AngularCore\wwwroot\app\app.routes.js.map
c:\users\g.kulasena\documents\visual studio 2015\Projects\AngularCore\src\AngularCore\wwwroot\app\app.module.js
c:\users\g.kulasena\documents\visual studio 2015\Projects\AngularCore\src\AngularCore\wwwroot\app\app.module.js.map
c:\users\g.kulasena\documents\visual studio 2015\Projects\AngularCore\src\AngularCore\wwwroot\app\main.js
c:\users\g.kulasena\documents\visual studio 2015\Projects\AngularCore\src\AngularCore\wwwroot\app\main.js.map
c:\users\g.kulasena\documents\visual studio 2015\Projects\AngularCore\src\AngularCore\wwwroot\app\Services\valueAPI.service.js
c:\users\g.kulasena\documents\visual studio 2015\Projects\AngularCore\src\AngularCore\wwwroot\app\Services\valueAPI.service.js.map
